  old.c
c:\users\callu\source\repos\emulator\emulator\old.c(34): warning C4267: '=': conversion from 'size_t' to 'int', possible loss of data
c:\users\callu\source\repos\emulator\emulator\old.c(66): warning C4013: 'storeSRecord' undefined; assuming extern returning int
c:\users\callu\source\repos\emulator\emulator\old.c(60): warning C4101: 'hdrname': unreferenced local variable
c:\users\callu\source\repos\emulator\emulator\old.c(61): warning C4101: 'xmeext': unreferenced local variable
c:\users\callu\source\repos\emulator\emulator\old.c(59): warning C4101: 'lisname': unreferenced local variable
c:\users\callu\source\repos\emulator\emulator\old.c(62): warning C4101: 'xmelen': unreferenced local variable
c:\users\callu\source\repos\emulator\emulator\old.c(58): warning C4101: 'xmename': unreferenced local variable
  Loaders.c
c:\users\callu\source\repos\emulator\emulator\loaders.c(114): warning C4477: 'fscanf_s' : format string '%d' requires an argument of type 'int *', but variadic argument 1 has type 'int'
c:\users\callu\source\repos\emulator\emulator\loaders.c(114): warning C4477: 'fscanf_s' : format string '%d' requires an argument of type 'int *', but variadic argument 2 has type 'int'
c:\users\callu\source\repos\emulator\emulator\loaders.c(123): warning C4473: 'fscanf_s' : not enough arguments passed for format string
  c:\users\callu\source\repos\emulator\emulator\loaders.c(123): note: placeholders and their parameters expect 4 variadic arguments, but 3 were provided
  c:\users\callu\source\repos\emulator\emulator\loaders.c(123): note: the missing variadic argument 4 is required by format string '%c'
  c:\users\callu\source\repos\emulator\emulator\loaders.c(123): note: this argument is used as a buffer size
  ControlUnit.c
c:\users\callu\source\repos\emulator\emulator\controlunit.c(15): warning C4091: 'extern ': ignored on left of 'SIZE' when no variable is declared
c:\users\callu\source\repos\emulator\emulator\controlunit.c(16): warning C4091: 'extern ': ignored on left of 'ACTION' when no variable is declared
c:\users\callu\source\repos\emulator\emulator\controlunit.c(17): warning C4091: 'extern ': ignored on left of 'INST_TYPE' when no variable is declared
c:\users\callu\source\repos\emulator\emulator\controlunit.c(18): warning C4091: 'extern ': ignored on left of 'CONSTANTS' when no variable is declared
c:\users\callu\source\repos\emulator\emulator\controlunit.c(503): warning C4101: 'setCarry': unreferenced local variable
  Debugger.c
c:\users\callu\source\repos\emulator\emulator\debugger.c(64): warning C4013: 'isInBounds' undefined; assuming extern returning int
c:\users\callu\source\repos\emulator\emulator\debugger.c(54): warning C4473: 'scanf_s' : not enough arguments passed for format string
  c:\users\callu\source\repos\emulator\emulator\debugger.c(54): note: placeholders and their parameters expect 2 variadic arguments, but 1 were provided
  c:\users\callu\source\repos\emulator\emulator\debugger.c(54): note: the missing variadic argument 2 is required by format string '%c'
  c:\users\callu\source\repos\emulator\emulator\debugger.c(54): note: this argument is used as a buffer size
c:\users\callu\source\repos\emulator\emulator\debugger.c(88): warning C4473: 'scanf_s' : not enough arguments passed for format string
  c:\users\callu\source\repos\emulator\emulator\debugger.c(88): note: placeholders and their parameters expect 2 variadic arguments, but 1 were provided
  c:\users\callu\source\repos\emulator\emulator\debugger.c(88): note: the missing variadic argument 2 is required by format string '%c'
  c:\users\callu\source\repos\emulator\emulator\debugger.c(88): note: this argument is used as a buffer size
c:\users\callu\source\repos\emulator\emulator\debugger.c(45): warning C4101: 'newAddress': unreferenced local variable
c:\users\callu\source\repos\emulator\emulator\debugger.c(170): warning C4013: 'isValidAddress' undefined; assuming extern returning int
c:\users\callu\source\repos\emulator\emulator\debugger.c(133): warning C4473: 'scanf_s' : not enough arguments passed for format string
  c:\users\callu\source\repos\emulator\emulator\debugger.c(133): note: placeholders and their parameters expect 2 variadic arguments, but 1 were provided
  c:\users\callu\source\repos\emulator\emulator\debugger.c(133): note: the missing variadic argument 2 is required by format string '%c'
  c:\users\callu\source\repos\emulator\emulator\debugger.c(133): note: this argument is used as a buffer size
c:\users\callu\source\repos\emulator\emulator\debugger.c(199): warning C4013: 'isValidRegister' undefined; assuming extern returning int
c:\users\callu\source\repos\emulator\emulator\debugger.c(211): warning C4554: '|': check operator precedence for possible error; use parentheses to clarify precedence
c:\users\callu\source\repos\emulator\emulator\debugger.c(219): warning C4554: '|': check operator precedence for possible error; use parentheses to clarify precedence
c:\users\callu\source\repos\emulator\emulator\debugger.c(227): warning C4554: '|': check operator precedence for possible error; use parentheses to clarify precedence
  CPU.c
c:\users\callu\source\repos\emulator\emulator\cpu.c(145): warning C4047: '=': 'unsigned char' differs in levels of indirection from 'unsigned short *'
c:\users\callu\source\repos\emulator\emulator\cpu.c(147): warning C4047: '=': 'unsigned char' differs in levels of indirection from 'unsigned short *'
c:\users\callu\source\repos\emulator\emulator\cpu.c(187): warning C4013: 'execMem_Access_Relative' undefined; assuming extern returning int
c:\users\callu\source\repos\emulator\emulator\cpu.c(193): warning C4013: 'execReg_Init' undefined; assuming extern returning int
c:\users\callu\source\repos\emulator\emulator\cpu.c(196): warning C4013: 'execMem_Access' undefined; assuming extern returning int
c:\users\callu\source\repos\emulator\emulator\cpu.c(205): warning C4013: 'execOne_Reg' undefined; assuming extern returning int
c:\users\callu\source\repos\emulator\emulator\cpu.c(210): warning C4013: 'execTwo_Ops' undefined; assuming extern returning int
c:\users\callu\source\repos\emulator\emulator\cpu.c(215): warning C4013: 'execBranch' undefined; assuming extern returning int
  Generating Code...
c:\users\callu\source\repos\emulator\emulator\old.c(47): warning C4715: 'newFileFromOld': not all control paths return a value
c:\users\callu\source\repos\emulator\emulator\old.c(96): warning C4715: 'load': not all control paths return a value
  Emulator.vcxproj -> C:\Users\callu\source\repos\Emulator\x64\Debug\Emulator.exe
